# JRE version: OpenJDK Runtime Environment (8.0_45-b14) (build 1.8.0_45-internal-b14)
# Java VM: OpenJDK 64-Bit Server VM (25.45-b02 mixed mode linux-amd64 compressed oops)
Heap:
 PSYoungGen      total 170496K, used 25600K [0x00000000eab00000, 0x00000000f7100000, 0x0000000100000000)
  eden space 144896K, 0% used [0x00000000eab00000,0x00000000eab00000,0x00000000f3880000)
  from space 25600K, 100% used [0x00000000f3880000,0x00000000f5180000,0x00000000f5180000)
  to   space 19968K, 0% used [0x00000000f5180000,0x00000000f5180000,0x00000000f6500000)
 ParOldGen       total 87552K, used 60296K [0x00000000c0000000, 0x00000000c5580000, 0x00000000eab00000)
  object space 87552K, 68% used [0x00000000c0000000,0x00000000c3ae23d8,0x00000000c5580000)
 Metaspace       used 26766K, capacity 27764K, committed 28032K, reserved 1073152K
  class space    used 3177K, capacity 3617K, committed 3712K, reserved 1048576K
GC Heap History (10 events):
Event: 6.391 GC heap after
Heap after GC invocations=5 (full 1):
 PSYoungGen      total 57344K, used 4253K [0x00000000eab00000, 0x00000000ef580000, 0x0000000100000000)
  eden space 52736K, 0% used [0x00000000eab00000,0x00000000eab00000,0x00000000ede80000)
  from space 4608K, 92% used [0x00000000ef100000,0x00000000ef5277a8,0x00000000ef580000)
  to   space 5120K, 0% used [0x00000000eeb80000,0x00000000eeb80000,0x00000000ef080000)
 ParOldGen       total 87552K, used 13957K [0x00000000c0000000, 0x00000000c5580000, 0x00000000eab00000)
  object space 87552K, 15% used [0x00000000c0000000,0x00000000c0da14b8,0x00000000c5580000)
 Metaspace       used 22822K, capacity 23676K, committed 23936K, reserved 1071104K
  class space    used 2769K, capacity 3163K, committed 3200K, reserved 1048576K
}
Event: 7.329 GC heap before
{Heap before GC invocations=6 (full 1):
 PSYoungGen      total 57344K, used 56989K [0x00000000eab00000, 0x00000000ef580000, 0x0000000100000000)
  eden space 52736K, 100% used [0x00000000eab00000,0x00000000ede80000,0x00000000ede80000)
  from space 4608K, 92% used [0x00000000ef100000,0x00000000ef5277a8,0x00000000ef580000)
  to   space 5120K, 0% used [0x00000000eeb80000,0x00000000eeb80000,0x00000000ef080000)
 ParOldGen       total 87552K, used 13957K [0x00000000c0000000, 0x00000000c5580000, 0x00000000eab00000)
  object space 87552K, 15% used [0x00000000c0000000,0x00000000c0da14b8,0x00000000c5580000)
 Metaspace       used 25392K, capacity 26280K, committed 26624K, reserved 1073152K
  class space    used 3092K, capacity 3510K, committed 3584K, reserved 1048576K
Event: 7.349 GC heap after
Heap after GC invocations=6 (full 1):
 PSYoungGen      total 71168K, used 5089K [0x00000000eab00000, 0x00000000f1500000, 0x0000000100000000)
  eden space 66048K, 0% used [0x00000000eab00000,0x00000000eab00000,0x00000000eeb80000)
  from space 5120K, 99% used [0x00000000eeb80000,0x00000000ef078488,0x00000000ef080000)
  to   space 11776K, 0% used [0x00000000f0980000,0x00000000f0980000,0x00000000f1500000)
 ParOldGen       total 87552K, used 16370K [0x00000000c0000000, 0x00000000c5580000, 0x00000000eab00000)
  object space 87552K, 18% used [0x00000000c0000000,0x00000000c0ffc948,0x00000000c5580000)
 Metaspace       used 25392K, capacity 26280K, committed 26624K, reserved 1073152K
  class space    used 3092K, capacity 3510K, committed 3584K, reserved 1048576K
}
Event: 7.920 GC heap before
{Heap before GC invocations=7 (full 1):
 PSYoungGen      total 71168K, used 71137K [0x00000000eab00000, 0x00000000f1500000, 0x0000000100000000)
  eden space 66048K, 100% used [0x00000000eab00000,0x00000000eeb80000,0x00000000eeb80000)
  from space 5120K, 99% used [0x00000000eeb80000,0x00000000ef078488,0x00000000ef080000)
  to   space 11776K, 0% used [0x00000000f0980000,0x00000000f0980000,0x00000000f1500000)
 ParOldGen       total 87552K, used 16370K [0x00000000c0000000, 0x00000000c5580000, 0x00000000eab00000)
  object space 87552K, 18% used [0x00000000c0000000,0x00000000c0ffc948,0x00000000c5580000)
 Metaspace       used 26206K, capacity 27154K, committed 27520K, reserved 1073152K
  class space    used 3159K, capacity 3600K, committed 3712K, reserved 1048576K
Event: 7.942 GC heap after
Heap after GC invocations=7 (full 1):
 PSYoungGen      total 95232K, used 11756K [0x00000000eab00000, 0x00000000f3100000, 0x0000000100000000)
  eden space 83456K, 0% used [0x00000000eab00000,0x00000000eab00000,0x00000000efc80000)
  from space 11776K, 99% used [0x00000000f0980000,0x00000000f14fb3b8,0x00000000f1500000)
  to   space 13312K, 0% used [0x00000000efc80000,0x00000000efc80000,0x00000000f0980000)
 ParOldGen       total 87552K, used 16737K [0x00000000c0000000, 0x00000000c5580000, 0x00000000eab00000)
  object space 87552K, 19% used [0x00000000c0000000,0x00000000c1058498,0x00000000c5580000)
 Metaspace       used 26206K, capacity 27154K, committed 27520K, reserved 1073152K
  class space    used 3159K, capacity 3600K, committed 3712K, reserved 1048576K
}
Event: 8.441 GC heap before
{Heap before GC invocations=8 (full 1):
 PSYoungGen      total 95232K, used 95212K [0x00000000eab00000, 0x00000000f3100000, 0x0000000100000000)
  eden space 83456K, 100% used [0x00000000eab00000,0x00000000efc80000,0x00000000efc80000)
  from space 11776K, 99% used [0x00000000f0980000,0x00000000f14fb3b8,0x00000000f1500000)
  to   space 13312K, 0% used [0x00000000efc80000,0x00000000efc80000,0x00000000f0980000)
 ParOldGen       total 87552K, used 16737K [0x00000000c0000000, 0x00000000c5580000, 0x00000000eab00000)
  object space 87552K, 19% used [0x00000000c0000000,0x00000000c1058498,0x00000000c5580000)
 Metaspace       used 26394K, capacity 27424K, committed 27776K, reserved 1073152K
  class space    used 3162K, capacity 3614K, committed 3712K, reserved 1048576K
Event: 8.498 GC heap after
Heap after GC invocations=8 (full 1):
 PSYoungGen      total 96768K, used 13310K [0x00000000eab00000, 0x00000000f6500000, 0x0000000100000000)
  eden space 83456K, 0% used [0x00000000eab00000,0x00000000eab00000,0x00000000efc80000)
  from space 13312K, 99% used [0x00000000efc80000,0x00000000f097f810,0x00000000f0980000)
  to   space 19968K, 0% used [0x00000000f5180000,0x00000000f5180000,0x00000000f6500000)
 ParOldGen       total 87552K, used 25829K [0x00000000c0000000, 0x00000000c5580000, 0x00000000eab00000)
  object space 87552K, 29% used [0x00000000c0000000,0x00000000c1939490,0x00000000c5580000)
 Metaspace       used 26394K, capacity 27424K, committed 27776K, reserved 1073152K
  class space    used 3162K, capacity 3614K, committed 3712K, reserved 1048576K
}
Event: 9.647 GC heap before
{Heap before GC invocations=9 (full 1):
 PSYoungGen      total 96768K, used 96766K [0x00000000eab00000, 0x00000000f6500000, 0x0000000100000000)
  eden space 83456K, 100% used [0x00000000eab00000,0x00000000efc80000,0x00000000efc80000)
  from space 13312K, 99% used [0x00000000efc80000,0x00000000f097f810,0x00000000f0980000)
  to   space 19968K, 0% used [0x00000000f5180000,0x00000000f5180000,0x00000000f6500000)
 ParOldGen       total 87552K, used 25829K [0x00000000c0000000, 0x00000000c5580000, 0x00000000eab00000)
  object space 87552K, 29% used [0x00000000c0000000,0x00000000c1939490,0x00000000c5580000)
 Metaspace       used 26477K, capacity 27502K, committed 27776K, reserved 1073152K
  class space    used 3163K, capacity 3616K, committed 3712K, reserved 1048576K
Event: 9.713 GC heap after
Heap after GC invocations=9 (full 1):
 PSYoungGen      total 164864K, used 19952K [0x00000000eab00000, 0x00000000f7100000, 0x0000000100000000)
  eden space 144896K, 0% used [0x00000000eab00000,0x00000000eab00000,0x00000000f3880000)
  from space 19968K, 99% used [0x00000000f5180000,0x00000000f64fc040,0x00000000f6500000)
  to   space 25600K, 0% used [0x00000000f3880000,0x00000000f3880000,0x00000000f5180000)
 ParOldGen       total 87552K, used 31409K [0x00000000c0000000, 0x00000000c5580000, 0x00000000eab00000)
  object space 87552K, 35% used [0x00000000c0000000,0x00000000c1eac408,0x00000000c5580000)
 Metaspace       used 26477K, capacity 27502K, committed 27776K, reserved 1073152K
  class space    used 3163K, capacity 3616K, committed 3712K, reserved 1048576K
}
Event: 15.220 GC heap before
{Heap before GC invocations=10 (full 1):
 PSYoungGen      total 164864K, used 164848K [0x00000000eab00000, 0x00000000f7100000, 0x0000000100000000)
  eden space 144896K, 100% used [0x00000000eab00000,0x00000000f3880000,0x00000000f3880000)
  from space 19968K, 99% used [0x00000000f5180000,0x00000000f64fc040,0x00000000f6500000)
  to   space 25600K, 0% used [0x00000000f3880000,0x00000000f3880000,0x00000000f5180000)
 ParOldGen       total 87552K, used 31409K [0x00000000c0000000, 0x00000000c5580000, 0x00000000eab00000)
  object space 87552K, 35% used [0x00000000c0000000,0x00000000c1eac408,0x00000000c5580000)
 Metaspace       used 26766K, capacity 27764K, committed 28032K, reserved 1073152K
  class space    used 3177K, capacity 3617K, committed 3712K, reserved 1048576K

